<?xml version="1.0" encoding="UTF-8"?>
<!-- Generated by org.testng.reporters.JUnitReportReporter -->
<testsuite hostname="Shoaibs-MacBook-Air.local" failures="0" tests="1" name="runner.TestNGTestRunner" time="14.664" errors="0" timestamp="2025-05-25T20:40:45 IST" skipped="0">
  <testcase classname="runner.TestNGTestRunner" name="runScenario" time="14.664"/>
</testsuite> <!-- runner.TestNGTestRunner -->
