<?xml version="1.0" encoding="UTF-8"?>
<!-- Generated by org.testng.reporters.JUnitReportReporter -->
<testsuite hostname="Shoaibs-MacBook-Air.local" failures="0" tests="1" name="runner.TestNGTestRunner" time="21.028" errors="0" timestamp="2025-05-28T09:07:57 IST" skipped="0">
  <testcase classname="runner.TestNGTestRunner" name="runScenario" time="21.028"/>
</testsuite> <!-- runner.TestNGTestRunner -->
