<?xml version="1.0" encoding="UTF-8"?>
<!-- Generated by org.testng.reporters.JUnitReportReporter -->
<testsuite hostname="Shoaibs-MacBook-Air.local" failures="0" tests="2" name="runner.TestNGTestRunner" time="46.984" errors="0" timestamp="2025-05-25T20:51:54 IST" skipped="0">
  <testcase classname="runner.TestNGTestRunner" name="runScenario" time="23.168"/>
  <testcase classname="runner.TestNGTestRunner" name="runScenario" time="23.816"/>
</testsuite> <!-- runner.TestNGTestRunner -->
