<?xml version="1.0" encoding="UTF-8"?>
<!-- Generated by org.testng.reporters.JUnitReportReporter -->
<testsuite hostname="Shoaibs-MacBook-Air.local" failures="0" tests="2" name="testrunner.TestNGTestRunner" time="45.298" errors="0" timestamp="2025-05-25T20:10:52 IST" skipped="0">
  <testcase classname="testrunner.TestNGTestRunner" name="runScenario" time="21.877"/>
  <testcase classname="testrunner.TestNGTestRunner" name="runScenario" time="23.421"/>
</testsuite> <!-- testrunner.TestNGTestRunner -->
