<?xml version="1.0" encoding="UTF-8"?>
<!-- Generated by org.testng.reporters.JUnitReportReporter -->
<testsuite hostname="Shoaibs-MacBook-Air.local" failures="0" tests="2" name="runner.TestNGTestRunner" time="6.966" errors="0" timestamp="2025-05-25T20:52:09 IST" skipped="0">
  <testcase classname="runner.TestNGTestRunner" name="runScenario" time="3.465"/>
  <testcase classname="runner.TestNGTestRunner" name="runScenario" time="3.501"/>
</testsuite> <!-- runner.TestNGTestRunner -->
